2026-02-14 01:10:43 | app.views.inventario_view | DEBUG    | UI construida correctamente
2026-02-14 01:10:43 | app.views.inventario_view | INFO     | InventarioView montada
2026-02-14 01:10:43 | app.views.inventario_view | INFO     | Cargando categorías...
2026-02-14 01:10:45 | app.views.inventario_view | INFO     | Se cargaron 1 categorías
2026-02-14 01:26:38 | app.views.inventario_view | ERROR    | Error al construir la interfaz: module 'flet' has no attribute 'icons'
Traceback (most recent call last):
  File "/workspaces/control-entradas-salidas/app/views/inventario_view.py", line 49, in _build_ui
    icon=ft.Icons.REFRESH_ROUNDED,
         ^^^^^^^^
AttributeError: module 'flet' has no attribute 'icons'. Did you mean: 'Icons'?
2026-02-14 01:29:05 | app.views.inventario_view | DEBUG    | UI construida correctamente
2026-02-14 01:41:36 | app.views.inventario_view | DEBUG    | UI construida correctamente
2026-02-14 01:43:07 | app.views.inventario_view | DEBUG    | UI construida correctamente
2026-02-14 01:45:06 | app.views.inventario_view | DEBUG    | UI construida correctamente
2026-02-14 01:45:06 | app.views.inventario_view | INFO     | InventarioView montada
2026-02-14 01:45:06 | app.views.inventario_view | INFO     | Cargando categorías...
2026-02-14 01:45:08 | app.views.inventario_view | INFO     | Se cargaron 1 categorías
2026-02-14 01:45:08 | app.views.inventario_view | ERROR    | Error al crear tarjeta de categoría: module 'flet' has no attribute 'animation'
2026-02-14 01:51:47 | app.views.inventario_view | DEBUG    | UI construida correctamente
2026-02-14 01:51:47 | app.views.inventario_view | INFO     | InventarioView montada
2026-02-14 01:51:47 | app.views.inventario_view | INFO     | Cargando categorías...
2026-02-14 01:51:49 | app.views.inventario_view | INFO     | Se cargaron 1 categorías
2026-02-14 01:54:51 | app.views.inventario_view | DEBUG    | UI construida correctamente
2026-02-14 01:54:52 | app.views.inventario_view | INFO     | InventarioView montada
2026-02-14 01:54:52 | app.views.inventario_view | INFO     | Cargando categorías...
2026-02-14 01:54:53 | app.views.inventario_view | INFO     | Se cargaron 1 categorías
2026-02-14 02:54:06 | app.views.inventario_view | DEBUG    | UI construida correctamente
2026-02-14 02:54:07 | app.views.inventario_view | INFO     | InventarioView montada
2026-02-14 02:54:07 | app.views.inventario_view | INFO     | Cargando categorías...
2026-02-14 02:54:09 | app.views.inventario_view | INFO     | Se cargaron 1 categorías
2026-02-14 03:04:46 | app.views.inventario_view | DEBUG    | UI construida correctamente
2026-02-14 03:04:46 | app.views.inventario_view | INFO     | InventarioView montada
2026-02-14 03:04:46 | app.views.inventario_view | INFO     | Cargando categorías...
2026-02-14 03:04:48 | app.views.inventario_view | INFO     | Se cargaron 1 categorías
2026-02-14 03:05:08 | app.views.inventario_view | INFO     | InventarioView montada
2026-02-14 03:05:08 | app.views.inventario_view | INFO     | Cargando categorías...
2026-02-14 03:05:08 | app.views.inventario_view | INFO     | Se cargaron 1 categorías
2026-02-14 03:07:21 | app.views.inventario_view | DEBUG    | UI construida correctamente
2026-02-14 03:07:22 | app.views.inventario_view | INFO     | InventarioView montada
2026-02-14 03:07:22 | app.views.inventario_view | INFO     | Cargando categorías...
2026-02-14 03:07:24 | app.views.inventario_view | INFO     | Se cargaron 1 categorías
2026-02-14 03:09:36 | app.views.inventario_view | DEBUG    | UI construida correctamente
2026-02-14 03:10:40 | app.views.inventario_view | DEBUG    | UI construida correctamente
2026-02-14 03:10:41 | app.views.inventario_view | INFO     | InventarioView montada
2026-02-14 03:10:41 | app.views.inventario_view | INFO     | Cargando categorías...
2026-02-14 03:10:43 | app.views.inventario_view | INFO     | Se cargaron 1 categorías
2026-02-14 03:10:51 | app.views.inventario_view | INFO     | InventarioView montada
2026-02-14 03:10:51 | app.views.inventario_view | INFO     | Cargando categorías...
2026-02-14 03:10:51 | app.views.inventario_view | INFO     | Se cargaron 1 categorías
2026-02-14 03:11:36 | app.views.inventario_view | DEBUG    | UI construida correctamente
2026-02-14 03:11:36 | app.views.inventario_view | INFO     | InventarioView montada
2026-02-14 03:11:36 | app.views.inventario_view | INFO     | Cargando categorías...
2026-02-14 03:11:38 | app.views.inventario_view | INFO     | Se cargaron 1 categorías
2026-02-14 03:12:21 | app.views.inventario_view | DEBUG    | UI construida correctamente
2026-02-14 03:12:21 | app.views.inventario_view | INFO     | InventarioView montada
2026-02-14 03:12:21 | app.views.inventario_view | INFO     | Cargando categorías...
2026-02-14 03:12:23 | app.views.inventario_view | INFO     | Se cargaron 1 categorías
2026-02-14 03:14:59 | app.views.inventario_view | DEBUG    | UI construida correctamente
2026-02-14 03:15:00 | app.views.inventario_view | INFO     | InventarioView montada
2026-02-14 03:15:00 | app.views.inventario_view | INFO     | Cargando categorías...
2026-02-14 03:15:02 | app.views.inventario_view | INFO     | Se cargaron 1 categorías
2026-02-14 03:15:13 | app.views.inventario_view | INFO     | InventarioView montada
2026-02-14 03:15:13 | app.views.inventario_view | INFO     | Cargando categorías...
2026-02-14 03:15:14 | app.views.inventario_view | INFO     | Se cargaron 1 categorías
2026-02-14 03:15:24 | app.views.inventario_view | INFO     | InventarioView montada
2026-02-14 03:15:24 | app.views.inventario_view | INFO     | Cargando categorías...
2026-02-14 03:15:25 | app.views.inventario_view | INFO     | Se cargaron 1 categorías
2026-02-14 03:20:18 | app.views.inventario_view | DEBUG    | UI construida correctamente
2026-02-14 03:20:19 | app.views.inventario_view | INFO     | InventarioView montada
2026-02-14 03:20:19 | app.views.inventario_view | INFO     | Cargando categorías...
2026-02-14 03:20:21 | app.views.inventario_view | INFO     | Se cargaron 1 categorías
2026-02-14 03:22:13 | app.views.inventario_view | INFO     | InventarioView montada
2026-02-14 03:22:13 | app.views.inventario_view | INFO     | Cargando categorías...
2026-02-14 03:22:14 | app.views.inventario_view | INFO     | Se cargaron 1 categorías
2026-02-14 03:22:23 | app.views.inventario_view | INFO     | InventarioView montada
2026-02-14 03:22:23 | app.views.inventario_view | INFO     | Cargando categorías...
2026-02-14 03:22:23 | app.views.inventario_view | INFO     | Se cargaron 1 categorías
2026-02-14 03:23:47 | app.views.inventario_view | INFO     | InventarioView montada
2026-02-14 03:23:47 | app.views.inventario_view | INFO     | Cargando categorías...
2026-02-14 03:23:47 | app.views.inventario_view | INFO     | Se cargaron 1 categorías
2026-02-14 03:23:51 | app.views.inventario_view | INFO     | InventarioView montada
2026-02-14 03:23:51 | app.views.inventario_view | INFO     | Cargando categorías...
2026-02-14 03:23:51 | app.views.inventario_view | INFO     | Se cargaron 1 categorías
2026-02-14 03:26:39 | app.views.inventario_view | DEBUG    | UI construida correctamente
2026-02-14 03:26:40 | app.views.inventario_view | INFO     | InventarioView montada
2026-02-14 03:26:40 | app.views.inventario_view | INFO     | Cargando categorías...
2026-02-14 03:26:42 | app.views.inventario_view | INFO     | Se cargaron 1 categorías
2026-02-14 03:26:56 | app.views.inventario_view | INFO     | InventarioView montada
2026-02-14 03:26:56 | app.views.inventario_view | INFO     | Cargando categorías...
2026-02-14 03:26:56 | app.views.inventario_view | INFO     | Se cargaron 1 categorías
2026-02-14 03:32:13 | app.views.inventario_view | DEBUG    | UI construida correctamente
2026-02-14 03:32:13 | app.views.inventario_view | INFO     | InventarioView montada
2026-02-14 03:32:13 | app.views.inventario_view | INFO     | Cargando categorías...
2026-02-14 03:32:15 | app.views.inventario_view | INFO     | Se cargaron 1 categorías
2026-02-14 03:32:47 | app.views.inventario_view | INFO     | InventarioView montada
2026-02-14 03:32:47 | app.views.inventario_view | INFO     | Cargando categorías...
2026-02-14 03:32:48 | app.views.inventario_view | INFO     | Se cargaron 1 categorías
2026-02-14 04:05:47 | app.views.inventario_view | DEBUG    | UI construida correctamente
2026-02-14 04:05:47 | app.views.inventario_view | INFO     | InventarioView montada
2026-02-14 04:05:47 | app.views.inventario_view | INFO     | Cargando categorías...
2026-02-14 04:05:49 | app.views.inventario_view | INFO     | Se cargaron 1 categorías
2026-02-14 04:05:52 | app.views.inventario_view | INFO     | InventarioView montada
2026-02-14 04:05:52 | app.views.inventario_view | INFO     | Cargando categorías...
2026-02-14 04:05:53 | app.views.inventario_view | INFO     | Se cargaron 1 categorías
